
--  2017-03-12 11:56:56 5.0.0 2017-03-00 0 ../includes/msg_lib.php msg_Dialog
--  2017-03-12 11:56:56 5.0.0 2016-08-00 0 ../includes/std_func.php 
:
--  2017-03-12 11:56:56 5.0.0 2017-02-00 0 ../_base/base_init.php Indstil: Moms
--  2017-03-12 11:56:57 5.0.0 2016-08-00 0 ../_base/htm_pageFoot.php 
--  2017-03-12 14:16:41 5.0.0 2017-03-00 0 ../includes/msg_lib.php msg_Dialog
--  2017-03-12 14:16:41 5.0.0 2016-08-00 0 ../includes/std_func.php 
:
--  2017-03-12 14:16:41 5.0.0 2017-02-00 0 ../_base/base_init.php Indstil: Moms
--  2017-03-12 14:16:42 5.0.0 2016-08-00 0 ../_base/htm_pageFoot.php 
:
--  2017-03-12 14:16:46 5.0.0 2017-02-00 0 ../_base/base_init.php DEMO af SALDI-€
--  2017-03-12 14:16:46 5.0.0 2017-03-00 0 ../_base/htm_pageHead.php htm_pageHead
--  2017-03-12 14:16:46 5.0.0 2017-02-00 0 ../_base/out_ruder.php 
:
--  2017-03-12 14:16:46 5.0.0 2017-02-00 0 ../_base/base_init.php DEMO af SALDI-€
:
--  2017-03-12 14:18:17 5.0.0 2017-02-00 0 ../_base/base_init.php DEMO af SALDI-€
--  2017-03-12 14:18:17 5.0.0 2017-03-00 0 ../_base/htm_pageHead.php htm_pageHead
--  2017-03-12 14:18:17 5.0.0 2017-02-00 0 ../_base/out_ruder.php 
:
--  2017-03-12 14:18:17 5.0.0 2017-02-00 0 ../_base/base_init.php DEMO af SALDI-€
:
--  2017-03-12 14:18:44 5.0.0 2017-02-00 0 ../_base/base_init.php DEMO af SALDI-€
--  2017-03-12 14:18:44 5.0.0 2017-03-00 0 ../_base/htm_pageHead.php htm_pageHead
--  2017-03-12 14:18:44 5.0.0 2017-02-00 0 ../_base/out_ruder.php 
:
--  2017-03-12 14:18:44 5.0.0 2017-02-00 0 ../_base/base_init.php DEMO af SALDI-€
:
--  2017-03-12 14:19:04 5.0.0 2017-02-00 0 ../_base/base_init.php DEMO af SALDI-€
--  2017-03-12 14:19:04 5.0.0 2017-03-00 0 ../_base/htm_pageHead.php htm_pageHead
--  2017-03-12 14:19:04 5.0.0 2017-02-00 0 ../_base/out_ruder.php 
:
--  2017-03-12 14:19:04 5.0.0 2017-02-00 0 ../_base/base_init.php DEMO af SALDI-€
:
--  2017-03-12 14:19:21 5.0.0 2017-02-00 0 ../_base/base_init.php DEMO af SALDI-€
--  2017-03-12 14:19:21 5.0.0 2017-03-00 0 ../_base/htm_pageHead.php htm_pageHead
--  2017-03-12 14:19:21 5.0.0 2017-02-00 0 ../_base/out_ruder.php 
:
--  2017-03-12 14:19:21 5.0.0 2017-02-00 0 ../_base/base_init.php DEMO af SALDI-€
:
--  2017-03-12 14:21:43 5.0.0 2017-02-00 0 ../_base/base_init.php DEMO af SALDI-€
--  2017-03-12 14:21:43 5.0.0 2017-03-00 0 ../_base/htm_pageHead.php htm_pageHead
--  2017-03-12 14:21:43 5.0.0 2017-02-00 0 ../_base/out_ruder.php 
:
--  2017-03-12 14:21:43 5.0.0 2017-02-00 0 ../_base/base_init.php DEMO af SALDI-€
:
--  2017-03-12 14:22:10 5.0.0 2017-02-00 0 ../_base/base_init.php DEMO af SALDI-€
--  2017-03-12 14:22:10 5.0.0 2017-03-00 0 ../_base/htm_pageHead.php htm_pageHead
--  2017-03-12 14:22:10 5.0.0 2017-02-00 0 ../_base/out_ruder.php 
:
--  2017-03-12 14:22:10 5.0.0 2017-02-00 0 ../_base/base_init.php DEMO af SALDI-€
:
--  2017-03-12 14:23:00 5.0.0 2017-02-00 0 ../_base/base_init.php DEMO af SALDI-€
--  2017-03-12 14:23:00 5.0.0 2017-03-00 0 ../_base/htm_pageHead.php htm_pageHead
--  2017-03-12 14:23:00 5.0.0 2017-02-00 0 ../_base/out_ruder.php 
:
--  2017-03-12 14:23:00 5.0.0 2017-02-00 0 ../_base/base_init.php DEMO af SALDI-€
:
--  2017-03-12 14:25:17 5.0.0 2017-02-00 0 ../_base/base_init.php DEMO af SALDI-€
--  2017-03-12 14:25:17 5.0.0 2017-03-00 0 ../_base/htm_pageHead.php htm_pageHead
--  2017-03-12 14:25:17 5.0.0 2017-02-00 0 ../_base/out_ruder.php 
:
--  2017-03-12 14:25:17 5.0.0 2017-02-00 0 ../_base/base_init.php DEMO af SALDI-€
--  2017-03-12 14:25:21 5.0.0 2017-03-00 0 ../includes/msg_lib.php msg_Dialog
--  2017-03-12 14:25:21 5.0.0 2016-08-00 0 ../includes/std_func.php 
:
--  2017-03-12 14:25:22 5.0.0 2017-02-00 0 ../_base/base_init.php Indstil: Moms
--  2017-03-12 14:25:22 5.0.0 2016-08-00 0 ../_base/htm_pageFoot.php 
--  2017-03-12 14:36:33 5.0.0 2016-08-00 0 ../_base/htm_pageFoot.php 
:
--  2017-03-13 10:15:50 5.0.0 2017-02-00 0 ../_base/base_init.php Udfør Backup/restore
--  2017-03-13 10:15:50 5.0.0 2017-03-00 0 ../_base/htm_pageFoot.php htm_pageFoot
:
--  2017-03-13 10:16:57 5.0.0 2017-02-00 0 ../_base/base_init.php Udfør Backup/restore
--  2017-03-13 10:16:57 5.0.0 2017-03-00 0 ../_base/htm_pageFoot.php htm_pageFoot
:
--  2017-03-13 10:17:19 5.0.0 2017-02-00 0 ../_base/base_init.php Udfør Backup/restore
--  2017-03-13 10:17:19 5.0.0 2017-03-00 0 ../_base/htm_pageFoot.php htm_pageFoot
:
--  2017-03-13 10:18:31 5.0.0 2017-02-00 0 ../_base/base_init.php Udfør Backup/restore
--  2017-03-13 10:18:31 5.0.0 2017-03-00 0 ../_base/htm_pageFoot.php htm_pageFoot
:
--  2017-03-13 10:47:51 5.0.0 2017-02-00 0 ../_base/base_init.php Udfør Backup/restore
--  2017-03-13 10:47:51 5.0.0 2017-03-00 0 ../_base/htm_pageFoot.php htm_pageFoot
:
--  2017-03-13 10:47:59 5.0.0 2017-02-00 0 ../_base/base_init.php Udfør Backup/restore
--  2017-03-13 10:47:59 5.0.0 2017-03-00 0 ../_base/htm_pageFoot.php htm_pageFoot
:
--  2017-03-13 10:48:55 5.0.0 2017-02-00 0 ../_base/base_init.php Udfør Backup/restore
--  2017-03-13 10:48:55 5.0.0 2017-03-00 0 ../_base/htm_pageFoot.php htm_pageFoot
:
--  2017-03-13 10:50:34 5.0.0 2017-02-00 0 ../_base/base_init.php Udfør Backup/restore
--  2017-03-13 10:50:34 5.0.0 2017-03-00 0 ../_base/htm_pageFoot.php htm_pageFoot
:
--  2017-03-13 18:28:12 5.0.0 2017-02-00 0 ../_base/base_init.php Udfør Backup/restore
--  2017-03-13 18:28:12 5.0.0 2017-03-00 0 ../_base/htm_pageFoot.php htm_pageFoot
:
--  2017-03-18 12:06:33 5.0.0 2017-02-00 0 ../_base/out_init.php Salgs ordrer
--  2017-03-18 12:06:33 5.0.0 2017-03-00 0 ../_base/htm_pageFoot.php htm_pageFoot
:
--  2017-03-18 12:16:59 5.0.0 2017-02-00 0 ../_base/out_init.php Salgs ordrer
--  2017-03-18 12:16:59 5.0.0 2017-03-00 0 ../_base/htm_pageFoot.php htm_pageFoot
:
--  2017-03-18 12:16:59 5.0.0 2017-02-00 0 ../_base/out_init.php Salgs ordrer
--  2017-03-18 12:17:00 5.0.0 2017-03-00 0 ../_base/htm_pageFoot.php htm_pageFoot
:
--  2017-03-18 12:17:01 5.0.0 2017-02-00 0 ../_base/out_init.php Salgs ordrer
--  2017-03-18 12:17:01 5.0.0 2017-03-00 0 ../_base/htm_pageFoot.php htm_pageFoot
--  2017-03-21 19:18:32 5.0.0 2016-08-00 0 ../includes/std_func.php 
:
--  2017-03-21 19:18:32 5.0.0 2017-02-00 0 ../_base/out_init.php Indstil: Moms
:
--  2017-03-21 19:18:51 5.0.0 2017-02-00 0 ../_base/out_init.php Hovedmenu
--  2017-03-22 08:24:45 5.0.0 2017-03-00 0 ../_base/htm_pageFoot.php htm_pageFoot
--  2017-03-22 08:28:40 5.0.0 2017-03-00 0 ../_base/htm_pageFoot.php htm_pageFoot
--  2017-03-22 14:17:19 5.0.0 2017-03-00 0 ../_base/htm_pageFoot.php htm_pageFoot
--  2017-03-22 19:58:30 5.0.0 2017-03-00 0 ../_base/dbi_func.php Hovedmenu
--  2017-03-22 19:58:31 5.0.0 2016-08-00 0 ../includes/std_func.php 
--  2017-03-22 19:58:31 5.0.0 2017-03-00 0 ../_base/dbi_func.php Indstil: Moms
--  2017-03-22 19:58:44 5.0.0 2016-08-00 0 ../includes/std_func.php 
--  2017-03-22 19:58:44 5.0.0 2017-03-00 0 ../_base/dbi_func.php Indstil: Moms
--  2017-03-22 19:58:47 5.0.0 2017-03-00 0 ../_base/dbi_func.php Hovedmenu
--  2017-03-22 19:59:09 5.0.0 2017-03-00 0 ../_base/htm_pageFoot.php htm_pageFoot
--  2017-03-22 22:57:02 5.0.0 2017-03-00 0 ../_base/dbi_func.php Kasse kladder
--  2017-03-22 22:57:02 5.0.0 2017-03-00 0 ../_base/htm_pageFoot.php htm_pageFoot
--  2017-03-22 22:57:24 5.0.0 2017-03-00 0 ../_base/dbi_func.php Kasse kladder
--  2017-03-22 22:57:25 5.0.0 2017-03-00 0 ../_base/htm_pageFoot.php htm_pageFoot
--  2017-03-22 23:07:55 5.0.0 2017-03-00 0 ../_base/dbi_func.php Kasse kladder
--  2017-03-22 23:07:55 5.0.0 2017-03-00 0 ../_base/htm_pageFoot.php htm_pageFoot
--  2017-03-24 09:05:07 5.0.0 2017-03-00 0 ../_base/dbi_func.php Kasse kladder
--  2017-03-24 09:05:07 5.0.0 2017-03-00 0 ../_base/htm_pageFoot.php htm_pageFoot
--  2017-03-24 09:08:44 5.0.0 2017-03-00 0 ../_base/dbi_func.php Kasse kladder
--  2017-03-24 09:08:45 5.0.0 2017-03-00 0 ../_base/htm_pageFoot.php htm_pageFoot
--  2017-03-24 09:09:07 5.0.0 2017-03-00 0 ../_base/dbi_func.php Kasse kladder
--  2017-03-24 09:09:07 5.0.0 2017-03-00 0 ../_base/htm_pageFoot.php htm_pageFoot
--  2017-03-24 10:03:37 5.0.0 2017-03-00 0 ../_base/dbi_func.php Kasse kladder
--  2017-03-24 10:03:37 5.0.0 2017-03-00 0 ../_base/htm_pageFoot.php htm_pageFoot
--  2017-03-25 14:44:04 5.0.0 2016-08-00 0 ../includes/std_func.php 
--  2017-03-25 14:44:05 5.0.0 2017-03-00 0 ../_base/dbi_func.php Indstil: Moms